\BOOKMARK [0][]{Title.0}{\376\377\000T\000i\000t\000l\000e\000p\000a\000g\000e}{}% 1
\BOOKMARK [0][]{Abstract.0}{\376\377\000A\000b\000s\000t\000r\000a\000c\000t}{}% 2
\BOOKMARK [0][]{Resumo.0}{\376\377\000R\000e\000s\000u\000m\000o}{}% 3
\BOOKMARK [0][]{toc.0}{\376\377\000C\000o\000n\000t\000e\000n\000t\000s}{}% 4
\BOOKMARK [1][]{lof.1}{\376\377\000L\000i\000s\000t\000\040\000o\000f\000\040\000F\000i\000g\000u\000r\000e\000s}{toc.0}% 5
\BOOKMARK [1][]{lot.1}{\376\377\000L\000i\000s\000t\000\040\000o\000f\000\040\000T\000a\000b\000l\000e\000s}{toc.0}% 6
\BOOKMARK [1][]{loac.1}{\376\377\000A\000c\000r\000o\000n\000y\000m\000s}{toc.0}% 7
\BOOKMARK [0][]{chapter.1}{\376\377\0001\000\040\000I\000n\000t\000r\000o\000d\000u\000c\000t\000i\000o\000n}{}% 8
\BOOKMARK [1][]{section.1.1}{\376\377\0001\000.\0001\000\040\000M\000o\000t\000i\000v\000a\000t\000i\000o\000n}{chapter.1}% 9
\BOOKMARK [1][]{section.1.2}{\376\377\0001\000.\0002\000\040\000R\000e\000q\000u\000i\000r\000e\000m\000e\000n\000t\000s}{chapter.1}% 10
\BOOKMARK [1][]{section.1.3}{\376\377\0001\000.\0003\000\040\000O\000b\000j\000e\000c\000t\000i\000v\000e\000s\000\040\000a\000n\000d\000\040\000C\000o\000n\000t\000r\000i\000b\000u\000t\000i\000o\000n\000s}{chapter.1}% 11
\BOOKMARK [1][]{section.1.4}{\376\377\0001\000.\0004\000\040\000D\000o\000c\000u\000m\000e\000n\000t\000\040\000o\000u\000t\000l\000i\000n\000e}{chapter.1}% 12
\BOOKMARK [0][]{chapter.2}{\376\377\0002\000\040\000R\000e\000l\000a\000t\000e\000d\000\040\000W\000o\000r\000k\000\040\000a\000n\000d\000\040\000B\000a\000s\000e\000l\000i\000n\000e\000\040\000S\000o\000C\000\040\000S\000e\000l\000e\000c\000t\000i\000o\000n}{}% 13
\BOOKMARK [1][]{section.2.1}{\376\377\0002\000.\0001\000\040\000F\000a\000u\000l\000t\000\040\000I\000n\000j\000e\000c\000t\000i\000o\000n\000\040\000B\000a\000c\000k\000g\000r\000o\000u\000n\000d}{chapter.2}% 14
\BOOKMARK [2][]{subsection.2.1.1}{\376\377\0002\000.\0001\000.\0001\000\040\000M\000e\000m\000o\000r\000y\000\040\000T\000y\000p\000e\000s\000\040\000a\000n\000d\000\040\000F\000a\000u\000l\000t\000\040\000T\000a\000r\000g\000e\000t\000s}{section.2.1}% 15
\BOOKMARK [2][]{subsection.2.1.2}{\376\377\0002\000.\0001\000.\0002\000\040\000S\000E\000M\000\040\000I\000P\000\040\000t\000o\000\040\000E\000x\000e\000c\000u\000t\000e\000\040\000I\000n\000j\000e\000c\000t\000i\000o\000n\000s}{section.2.1}% 16
\BOOKMARK [2][]{subsection.2.1.3}{\376\377\0002\000.\0001\000.\0003\000\040\000A\000C\000M\000E\000\040\000t\000o\000\040\000P\000o\000i\000n\000t\000\040\000I\000n\000j\000e\000c\000t\000i\000o\000n\000s}{section.2.1}% 17
\BOOKMARK [1][]{section.2.2}{\376\377\0002\000.\0002\000\040\000F\000a\000u\000l\000t\000\040\000T\000o\000l\000e\000r\000a\000n\000c\000e\000\040\000M\000e\000c\000h\000a\000n\000i\000s\000m\000s}{chapter.2}% 18
\BOOKMARK [1][]{section.2.3}{\376\377\0002\000.\0003\000\040\000S\000t\000a\000t\000e\000\040\000o\000f\000\040\000t\000h\000e\000\040\000A\000r\000t\000\040\000o\000n\000\040\000F\000a\000u\000l\000t\000\040\000T\000o\000l\000e\000r\000a\000n\000c\000e\000\040\000T\000e\000s\000t\000i\000n\000g\000\040\000P\000l\000a\000t\000f\000o\000r\000m\000s}{chapter.2}% 19
\BOOKMARK [1][]{section.2.4}{\376\377\0002\000.\0004\000\040\000C\000o\000m\000p\000a\000r\000a\000t\000i\000v\000e\000\040\000A\000n\000a\000l\000y\000s\000i\000s\000\040\000o\000f\000\040\000R\000I\000S\000C\000-\000V\000\040\000S\000o\000C\000s}{chapter.2}% 20
\BOOKMARK [0][]{chapter.3}{\376\377\0003\000\040\000P\000r\000o\000p\000o\000s\000e\000d\000\040\000F\000a\000t\000o\000r\000i\000-\000V\000\040\000P\000l\000a\000t\000f\000o\000r\000m}{}% 21
\BOOKMARK [1][]{section.3.1}{\376\377\0003\000.\0001\000\040\000G\000e\000n\000e\000r\000a\000l\000\040\000F\000e\000a\000t\000u\000r\000e\000s\000\040\000a\000n\000d\000\040\000O\000v\000e\000r\000v\000i\000e\000w}{chapter.3}% 22
\BOOKMARK [1][]{section.3.2}{\376\377\0003\000.\0002\000\040\000I\000m\000p\000l\000e\000m\000e\000n\000t\000a\000t\000i\000o\000n\000\040\000L\000a\000y\000e\000r\000s\000\040\000a\000n\000d\000\040\000P\000l\000a\000t\000f\000o\000r\000m\000\040\000S\000t\000r\000u\000c\000t\000u\000r\000e}{chapter.3}% 23
\BOOKMARK [1][]{section.3.3}{\376\377\0003\000.\0003\000\040\000U\000s\000e\000r\000\040\000I\000n\000t\000e\000r\000f\000a\000c\000e\000\040\000a\000n\000d\000\040\000G\000e\000n\000e\000r\000a\000t\000e\000d\000\040\000O\000u\000t\000p\000u\000t\000s}{chapter.3}% 24
\BOOKMARK [0][]{chapter.4}{\376\377\0004\000\040\000F\000a\000t\000o\000r\000i\000-\000V\000\040\000w\000i\000t\000h\000\040\000V\000e\000e\000R\000w\000o\000l\000f\000\040\000E\000L\0002}{}% 25
\BOOKMARK [1][]{section.4.1}{\376\377\0004\000.\0001\000\040\000V\000e\000e\000R\000w\000o\000l\000f\000\040\000E\000L\0002\000\040\000O\000v\000e\000r\000v\000i\000e\000w}{chapter.4}% 26
\BOOKMARK [1][]{section.4.2}{\376\377\0004\000.\0002\000\040\000V\000e\000e\000R\000w\000o\000l\000f\000\040\000E\000L\0002\000\040\000a\000n\000d\000\040\000F\000a\000u\000l\000t\000\040\000T\000o\000l\000e\000r\000a\000n\000c\000e}{chapter.4}% 27
\BOOKMARK [1][]{section.4.3}{\376\377\0004\000.\0003\000\040\000L\000e\000s\000s\000o\000n\000s\000\040\000L\000e\000a\000r\000n\000e\000d\000\040\000a\000n\000d\000\040\000C\000o\000n\000c\000l\000u\000s\000i\000o\000n\000s}{chapter.4}% 28
\BOOKMARK [0][]{chapter.5}{\376\377\0005\000\040\000F\000a\000t\000o\000r\000i\000-\000V\000\040\000w\000i\000t\000h\000\040\000I\000O\000b\000-\000S\000o\000C\000-\000I\000b\000e\000x}{}% 29
\BOOKMARK [1][]{section.5.1}{\376\377\0005\000.\0001\000\040\000I\000b\000e\000x\000\040\000O\000v\000e\000r\000v\000i\000e\000w}{chapter.5}% 30
\BOOKMARK [1][]{section.5.2}{\376\377\0005\000.\0002\000\040\000I\000b\000e\000x\000\040\000a\000n\000d\000\040\000F\000a\000u\000l\000t\000\040\000T\000o\000l\000e\000r\000a\000n\000c\000e}{chapter.5}% 31
\BOOKMARK [1][]{section.5.3}{\376\377\0005\000.\0003\000\040\000S\000y\000s\000t\000e\000m\000-\000o\000n\000-\000C\000h\000i\000p\000\040\000I\000n\000t\000e\000g\000r\000a\000t\000i\000o\000n}{chapter.5}% 32
\BOOKMARK [2][]{subsection.5.3.1}{\376\377\0005\000.\0003\000.\0001\000\040\000P\000y\0002\000H\000W\000S\000W\000\040\000I\000n\000f\000r\000a\000s\000t\000r\000u\000c\000t\000u\000r\000e}{section.5.3}% 33
\BOOKMARK [2][]{subsection.5.3.2}{\376\377\0005\000.\0003\000.\0002\000\040\000I\000O\000b\000-\000S\000o\000C\000-\000I\000b\000e\000x}{section.5.3}% 34
\BOOKMARK [2][]{subsection.5.3.3}{\376\377\0005\000.\0003\000.\0003\000\040\000A\000X\000I\000\040\000B\000r\000i\000d\000g\000e\000\040\000f\000o\000r\000\040\000I\000b\000e\000x}{section.5.3}% 35
\BOOKMARK [0][]{chapter.6}{\376\377\0006\000\040\000P\000y\0002\000H\000W\000S\000W\000\040\000L\000a\000y\000e\000r}{}% 36
\BOOKMARK [1][]{section.6.1}{\376\377\0006\000.\0001\000\040\000F\000a\000u\000l\000t\000\040\000T\000o\000l\000e\000r\000a\000n\000c\000e\000\040\000S\000u\000p\000p\000o\000r\000t\000\040\000I\000n\000f\000r\000a\000s\000t\000r\000u\000c\000t\000u\000r\000e}{chapter.6}% 37
\BOOKMARK [1][]{section.6.2}{\376\377\0006\000.\0002\000\040\000F\000a\000u\000l\000t\000\040\000T\000o\000l\000e\000r\000a\000n\000c\000e\000\040\000M\000e\000c\000h\000a\000n\000i\000s\000m\000s}{chapter.6}% 38
\BOOKMARK [2][]{subsection.6.2.1}{\376\377\0006\000.\0002\000.\0001\000\040\000H\000a\000r\000d\000w\000a\000r\000e\000\040\000R\000e\000d\000u\000n\000d\000a\000n\000c\000y}{section.6.2}% 39
\BOOKMARK [2][]{subsection.6.2.2}{\376\377\0006\000.\0002\000.\0002\000\040\000S\000e\000l\000f\000-\000T\000e\000s\000t\000i\000n\000g\000\040\000H\000a\000r\000d\000w\000a\000r\000e}{section.6.2}% 40
\BOOKMARK [1][]{section.6.3}{\376\377\0006\000.\0003\000\040\000F\000a\000u\000l\000t\000\040\000M\000o\000n\000i\000t\000o\000r\000i\000n\000g\000\040\000a\000n\000d\000\040\000C\000o\000n\000t\000r\000o\000l\000\040\000H\000a\000r\000d\000w\000a\000r\000e}{chapter.6}% 41
\BOOKMARK [2][]{subsection.6.3.1}{\376\377\0006\000.\0003\000.\0001\000\040\000F\000a\000u\000l\000t\000\040\000M\000a\000n\000a\000g\000e\000r\000\040\000H\000a\000r\000d\000w\000a\000r\000e\000\040\000M\000o\000d\000u\000l\000e}{section.6.3}% 42
\BOOKMARK [2][]{subsection.6.3.2}{\376\377\0006\000.\0003\000.\0002\000\040\000M\000o\000n\000i\000t\000o\000r\000i\000n\000g\000\040\000C\000S\000R\000s}{section.6.3}% 43
\BOOKMARK [1][]{section.6.4}{\376\377\0006\000.\0004\000\040\000F\000a\000u\000l\000t\000\040\000M\000o\000n\000i\000t\000o\000r\000i\000n\000g\000\040\000a\000n\000d\000\040\000C\000o\000n\000t\000r\000o\000l\000\040\000H\000a\000r\000d\000w\000a\000r\000e}{chapter.6}% 44
\BOOKMARK [2][]{subsection.6.4.1}{\376\377\0006\000.\0004\000.\0001\000\040\000F\000a\000u\000l\000t\000\040\000M\000o\000n\000i\000t\000o\000r\000\040\000H\000a\000r\000d\000w\000a\000r\000e}{section.6.4}% 45
\BOOKMARK [2][]{subsection.6.4.2}{\376\377\0006\000.\0004\000.\0002\000\040\000F\000a\000u\000l\000t\000\040\000M\000a\000n\000a\000g\000e\000r\000\040\000H\000a\000r\000d\000w\000a\000r\000e\000\040\000M\000o\000d\000u\000l\000e}{section.6.4}% 46
\BOOKMARK [0][]{chapter.7}{\376\377\0007\000\040\000F\000a\000t\000o\000r\000i\000-\000V\000\040\000L\000a\000y\000e\000r}{}% 47
\BOOKMARK [1][]{section.7.1}{\376\377\0007\000.\0001\000\040\000F\000a\000t\000o\000r\000i\000-\000V\000\040\000O\000p\000e\000r\000a\000t\000i\000o\000n\000\040\000S\000e\000q\000u\000e\000n\000c\000e}{chapter.7}% 48
\BOOKMARK [1][]{section.7.2}{\376\377\0007\000.\0002\000\040\000P\000b\000l\000o\000c\000k\000\040\000S\000i\000z\000i\000n\000g\000\040\000M\000o\000d\000e\000l}{chapter.7}% 49
\BOOKMARK [2][]{subsection.7.2.1}{\376\377\0007\000.\0002\000.\0001\000\040\000S\000i\000z\000i\000n\000g\000\040\000E\000q\000u\000a\000t\000i\000o\000n\000s}{section.7.2}% 50
\BOOKMARK [2][]{subsection.7.2.2}{\376\377\0007\000.\0002\000.\0002\000\040\000M\000e\000a\000s\000u\000r\000e\000d\000\040\000M\000o\000d\000e\000l\000\040\000P\000a\000r\000a\000m\000e\000t\000e\000r\000s}{section.7.2}% 51
\BOOKMARK [1][]{section.7.3}{\376\377\0007\000.\0003\000\040\000B\000e\000n\000c\000h\000m\000a\000r\000k\000\040\000P\000o\000r\000t\000i\000n\000g}{chapter.7}% 52
\BOOKMARK [2][]{subsection.7.3.1}{\376\377\0007\000.\0003\000.\0001\000\040\000C\000o\000r\000e\000M\000a\000r\000k\000\040\000B\000e\000n\000c\000h\000m\000a\000r\000k}{section.7.3}% 53
\BOOKMARK [2][]{subsection.7.3.2}{\376\377\0007\000.\0003\000.\0002\000\040\000E\000m\000b\000e\000n\000c\000h\000-\000I\000o\000T\000\040\000B\000e\000n\000c\000h\000m\000a\000r\000k}{section.7.3}% 54
\BOOKMARK [2][]{subsection.7.3.3}{\376\377\0007\000.\0003\000.\0003\000\040\000F\000a\000t\000o\000r\000i\000\040\000N\000a\000t\000i\000v\000e\000\040\000B\000e\000n\000c\000h\000m\000a\000r\000k}{section.7.3}% 55
\BOOKMARK [1][]{section.7.4}{\376\377\0007\000.\0004\000\040\000S\000y\000n\000c\000h\000r\000o\000n\000i\000z\000a\000t\000i\000o\000n\000,\000\040\000L\000o\000g\000g\000i\000n\000g\000\040\000a\000n\000d\000\040\000M\000e\000t\000r\000i\000c\000s\000\040\000C\000o\000m\000p\000u\000t\000i\000n\000g}{chapter.7}% 56
\BOOKMARK [0][]{chapter.8}{\376\377\0008\000\040\000F\000a\000u\000l\000t\000\040\000I\000n\000j\000e\000c\000t\000i\000o\000n}{}% 57
\BOOKMARK [1][]{section.8.1}{\376\377\0008\000.\0001\000\040\000S\000y\000s\000t\000e\000m\000\040\000O\000v\000e\000r\000v\000i\000e\000w}{chapter.8}% 58
\BOOKMARK [2][]{subsection.8.1.1}{\376\377\0008\000.\0001\000.\0001\000\040\000I\000n\000j\000e\000c\000t\000i\000o\000n\000\040\000T\000a\000r\000g\000e\000t\000s}{section.8.1}% 59
\BOOKMARK [2][]{subsection.8.1.2}{\376\377\0008\000.\0001\000.\0002\000\040\000U\000s\000e\000r\000\040\000I\000n\000t\000e\000r\000f\000a\000c\000e\000\040\000a\000n\000d\000\040\000S\000y\000s\000t\000e\000m\000\040\000I\000n\000p\000u\000t\000s}{section.8.1}% 60
\BOOKMARK [1][]{section.8.2}{\376\377\0008\000.\0002\000\040\000F\000a\000u\000l\000t\000\040\000I\000n\000j\000e\000c\000t\000i\000o\000n\000\040\000S\000o\000f\000t\000w\000a\000r\000e}{chapter.8}% 61
\BOOKMARK [2][]{subsection.8.2.1}{\376\377\0008\000.\0002\000.\0001\000\040\000S\000p\000a\000t\000i\000a\000l\000\040\000F\000a\000u\000l\000t\000\040\000D\000i\000s\000t\000r\000i\000b\000u\000t\000i\000o\000n\000s}{section.8.2}% 62
\BOOKMARK [2][]{subsection.8.2.2}{\376\377\0008\000.\0002\000.\0002\000\040\000M\000a\000p\000p\000i\000n\000g\000\040\000E\000s\000s\000e\000n\000t\000i\000a\000l\000\040\000B\000i\000t\000s\000\040\000t\000o\000\040\000I\000n\000j\000e\000c\000t\000i\000o\000n\000\040\000A\000d\000d\000r\000e\000s\000s\000e\000s}{section.8.2}% 63
\BOOKMARK [2][]{subsection.8.2.3}{\376\377\0008\000.\0002\000.\0003\000\040\000T\000e\000m\000p\000o\000r\000a\000l\000\040\000F\000a\000u\000l\000t\000\040\000D\000i\000s\000t\000r\000i\000b\000u\000t\000i\000o\000n\000s}{section.8.2}% 64
\BOOKMARK [1][]{section.8.3}{\376\377\0008\000.\0003\000\040\000I\000m\000p\000l\000e\000m\000e\000n\000t\000e\000d\000\040\000F\000a\000u\000l\000t\000\040\000I\000n\000j\000e\000c\000t\000i\000o\000n\000\040\000H\000a\000r\000d\000w\000a\000r\000e}{chapter.8}% 65
\BOOKMARK [2][]{subsection.8.3.1}{\376\377\0008\000.\0003\000.\0001\000\040\000F\000l\000i\000p\000-\000F\000l\000o\000p\000\040\000a\000n\000d\000\040\000R\000e\000g\000i\000s\000t\000e\000r\000\040\000I\000n\000j\000e\000c\000t\000i\000o\000n\000s}{section.8.3}% 66
\BOOKMARK [2][]{subsection.8.3.2}{\376\377\0008\000.\0003\000.\0002\000\040\000I\000n\000j\000e\000c\000t\000i\000o\000n\000\040\000U\000A\000R\000T\000\040\000R\000o\000u\000t\000e\000r}{section.8.3}% 67
\BOOKMARK [1][]{section.8.4}{\376\377\0008\000.\0004\000\040\000A\000d\000d\000i\000t\000i\000o\000n\000a\000l\000\040\000F\000e\000a\000t\000u\000r\000e\000s}{chapter.8}% 68
\BOOKMARK [0][]{chapter.9}{\376\377\0009\000\040\000E\000x\000p\000e\000r\000i\000m\000e\000n\000t\000a\000l\000\040\000R\000e\000s\000u\000l\000t\000s}{}% 69
\BOOKMARK [1][]{section.9.1}{\376\377\0009\000.\0001\000\040\000E\000x\000p\000e\000r\000i\000m\000e\000n\000t\000a\000l\000\040\000S\000e\000t\000u\000p}{chapter.9}% 70
\BOOKMARK [1][]{section.9.2}{\376\377\0009\000.\0002\000\040\000F\000a\000t\000o\000r\000i\000-\000V\000\040\000V\000a\000l\000i\000d\000a\000t\000i\000o\000n}{chapter.9}% 71
\BOOKMARK [1][]{section.9.3}{\376\377\0009\000.\0003\000\040\000C\000o\000m\000p\000a\000r\000i\000s\000o\000n\000\040\000o\000f\000\040\000F\000a\000u\000l\000t\000\040\000T\000o\000l\000e\000r\000a\000n\000c\000e\000\040\000M\000e\000c\000h\000a\000n\000i\000s\000m\000s}{chapter.9}% 72
\BOOKMARK [2][]{subsection.9.3.1}{\376\377\0009\000.\0003\000.\0001\000\040\000F\000a\000u\000l\000t\000\040\000T\000o\000l\000e\000r\000a\000n\000c\000e}{section.9.3}% 73
\BOOKMARK [2][]{subsection.9.3.2}{\376\377\0009\000.\0003\000.\0002\000\040\000P\000e\000r\000f\000o\000r\000m\000a\000n\000c\000e\000\040\000a\000n\000d\000\040\000H\000a\000r\000d\000w\000a\000r\000e\000\040\000R\000e\000s\000o\000u\000r\000c\000e\000s}{section.9.3}% 74
\BOOKMARK [1][]{section.9.4}{\376\377\0009\000.\0004\000\040\000R\000e\000g\000i\000s\000t\000e\000r\000\040\000R\000e\000d\000u\000n\000d\000a\000n\000c\000y}{chapter.9}% 75
\BOOKMARK [2][]{subsection.9.4.1}{\376\377\0009\000.\0004\000.\0001\000\040\000F\000a\000u\000l\000t\000\040\000T\000o\000l\000e\000r\000a\000n\000c\000e}{section.9.4}% 76
\BOOKMARK [2][]{subsection.9.4.2}{\376\377\0009\000.\0004\000.\0002\000\040\000P\000e\000r\000f\000o\000r\000m\000a\000n\000c\000e\000\040\000a\000n\000d\000\040\000H\000a\000r\000d\000w\000a\000r\000e\000\040\000R\000e\000s\000o\000u\000r\000c\000e\000s}{section.9.4}% 77
\BOOKMARK [1][]{section.9.5}{\376\377\0009\000.\0005\000\040\000L\000o\000g\000i\000c\000\040\000R\000e\000d\000u\000n\000d\000a\000n\000c\000y}{chapter.9}% 78
\BOOKMARK [2][]{subsection.9.5.1}{\376\377\0009\000.\0005\000.\0001\000\040\000F\000a\000u\000l\000t\000\040\000T\000o\000l\000e\000r\000a\000n\000c\000e}{section.9.5}% 79
\BOOKMARK [2][]{subsection.9.5.2}{\376\377\0009\000.\0005\000.\0002\000\040\000P\000e\000r\000f\000o\000r\000m\000a\000n\000c\000e\000\040\000a\000n\000d\000\040\000H\000a\000r\000d\000w\000a\000r\000e\000\040\000R\000e\000s\000o\000u\000r\000c\000e\000s}{section.9.5}% 80
\BOOKMARK [0][]{chapter.10}{\376\377\0001\0000\000\040\000C\000o\000n\000c\000l\000u\000s\000i\000o\000n}{}% 81
\BOOKMARK [1][]{section.10.1}{\376\377\0001\0000\000.\0001\000\040\000S\000u\000m\000m\000a\000r\000y}{chapter.10}% 82
\BOOKMARK [1][]{section.10.2}{\376\377\0001\0000\000.\0002\000\040\000F\000u\000t\000u\000r\000e\000\040\000W\000o\000r\000k}{chapter.10}% 83
\BOOKMARK [0][]{section.10.2}{\376\377\000B\000i\000b\000l\000i\000o\000g\000r\000a\000p\000h\000y}{}% 84
\BOOKMARK [0][]{appendix.A}{\376\377\000A\000\040\000A\000p\000p\000e\000n\000d\000i\000x\000\040\000A\000:\000\040\000F\000a\000t\000o\000r\000i\000-\000V\000\040\000R\000u\000n\000\040\000F\000i\000l\000e}{}% 85
\BOOKMARK [0][]{appendix.B}{\376\377\000B\000\040\000A\000p\000p\000e\000n\000d\000i\000x\000\040\000B\000:\000\040\000S\000y\000s\000t\000e\000m\000\040\000D\000i\000c\000t\000i\000o\000n\000a\000r\000y\000\040\000F\000i\000l\000e}{}% 86
\BOOKMARK [0][]{appendix.C}{\376\377\000C\000\040\000A\000p\000p\000e\000n\000d\000i\000x\000\040\000C\000:\000\040\000T\000i\000m\000e\000\040\000P\000r\000o\000f\000i\000l\000e\000\040\000T\000e\000m\000p\000l\000a\000t\000e}{}% 87
\BOOKMARK [0][]{appendix.D}{\376\377\000D\000\040\000A\000p\000p\000e\000n\000d\000i\000x\000\040\000D\000:\000\040\000A\000r\000e\000a\000\040\000P\000r\000o\000f\000i\000l\000e\000\040\000T\000e\000m\000p\000l\000a\000t\000e}{}% 88
